<?xml version="1.0" encoding="UTF-8"?>
<!-- Generated by org.testng.reporters.JUnitReportReporter -->
<testsuite hostname="LAPTOP-U72B95R4" failures="0" tests="2" name="test.selenium.test.selenium.NewTest" time="1.161" errors="0" timestamp="2023-02-01T13:39:11 SGT" skipped="0">
  <testcase classname="test.selenium.test.selenium.NewTest" name="checkId" time="0.601"/>
  <system-out/>
  <testcase classname="test.selenium.test.selenium.NewTest" name="checkTitle" time="0.560"/>
  <system-out/>
</testsuite> <!-- test.selenium.test.selenium.NewTest -->
