<?xml version="1.0" encoding="UTF-8"?>
<!-- Generated by org.testng.reporters.JUnitReportReporter -->
<testsuite hostname="LAPTOP-U72B95R4" failures="0" tests="2" name="test.selenium.NewTest" time="1.216" errors="0" timestamp="2023-02-01T17:38:37 SGT" skipped="0">
  <testcase classname="test.selenium.NewTest" name="checkId" time="0.655"/>
  <system-out/>
  <testcase classname="test.selenium.NewTest" name="checkTitle" time="0.561"/>
  <system-out/>
</testsuite> <!-- test.selenium.NewTest -->
